# JRE version: OpenJDK Runtime Environment (11.0.8+10) (build 11.0.8+10-b944.6842174)
# Java VM: OpenJDK 64-Bit Server VM (11.0.8+10-b944.6842174, mixed mode, tiered, compressed oops, g1 gc, windows-amd64)
Heap:
 garbage-first heap   total 388096K, used 116892K [0x0000000080000000, 0x0000000100000000)
  region size 1024K, 5 young (5120K), 5 survivors (5120K)
 Metaspace       used 101995K, capacity 105015K, committed 105472K, reserved 1140736K
  class space    used 13432K, capacity 14664K, committed 14848K, reserved 1048576K
GC Heap History (20 events):
Event: 27.444 GC heap after
{Heap after GC invocations=47 (full 0):
 garbage-first heap   total 131072K, used 79820K [0x0000000080000000, 0x0000000100000000)
  region size 1024K, 1 young (1024K), 1 survivors (1024K)
 Metaspace       used 90351K, capacity 92470K, committed 92544K, reserved 1130496K
  class space    used 11588K, capacity 12354K, committed 12416K, reserved 1048576K
}
Event: 27.700 GC heap before
{Heap before GC invocations=48 (full 0):
 garbage-first heap   total 131072K, used 118732K [0x0000000080000000, 0x0000000100000000)
  region size 1024K, 34 young (34816K), 1 survivors (1024K)
 Metaspace       used 91944K, capacity 94167K, committed 94336K, reserved 1130496K
  class space    used 11813K, capacity 12610K, committed 12672K, reserved 1048576K
}
Event: 27.704 GC heap after
{Heap after GC invocations=49 (full 0):
 garbage-first heap   total 131072K, used 87197K [0x0000000080000000, 0x0000000100000000)
  region size 1024K, 5 young (5120K), 5 survivors (5120K)
 Metaspace       used 91944K, capacity 94167K, committed 94336K, reserved 1130496K
  class space    used 11813K, capacity 12610K, committed 12672K, reserved 1048576K
}
Event: 27.913 GC heap before
{Heap before GC invocations=49 (full 0):
 garbage-first heap   total 131072K, used 110749K [0x0000000080000000, 0x0000000100000000)
  region size 1024K, 29 young (29696K), 5 survivors (5120K)
 Metaspace       used 94267K, capacity 96540K, committed 96768K, reserved 1132544K
  class space    used 12173K, capacity 13005K, committed 13056K, reserved 1048576K
}
Event: 27.924 GC heap after
{Heap after GC invocations=50 (full 0):
 garbage-first heap   total 131072K, used 92297K [0x0000000080000000, 0x0000000100000000)
  region size 1024K, 4 young (4096K), 4 survivors (4096K)
 Metaspace       used 94267K, capacity 96540K, committed 96768K, reserved 1132544K
  class space    used 12173K, capacity 13005K, committed 13056K, reserved 1048576K
}
Event: 28.020 GC heap before
{Heap before GC invocations=50 (full 0):
 garbage-first heap   total 131072K, used 109705K [0x0000000080000000, 0x0000000100000000)
  region size 1024K, 21 young (21504K), 4 survivors (4096K)
 Metaspace       used 94348K, capacity 96679K, committed 96768K, reserved 1132544K
  class space    used 12175K, capacity 13009K, committed 13056K, reserved 1048576K
}
Event: 28.031 GC heap after
{Heap after GC invocations=51 (full 0):
 garbage-first heap   total 131072K, used 99118K [0x0000000080000000, 0x0000000100000000)
  region size 1024K, 3 young (3072K), 3 survivors (3072K)
 Metaspace       used 94348K, capacity 96679K, committed 96768K, reserved 1132544K
  class space    used 12175K, capacity 13009K, committed 13056K, reserved 1048576K
}
Event: 28.083 GC heap before
{Heap before GC invocations=51 (full 0):
 garbage-first heap   total 131072K, used 108334K [0x0000000080000000, 0x0000000100000000)
  region size 1024K, 13 young (13312K), 3 survivors (3072K)
 Metaspace       used 94349K, capacity 96679K, committed 96768K, reserved 1132544K
  class space    used 12175K, capacity 13009K, committed 13056K, reserved 1048576K
}
Event: 28.090 GC heap after
{Heap after GC invocations=52 (full 0):
 garbage-first heap   total 131072K, used 103010K [0x0000000080000000, 0x0000000100000000)
  region size 1024K, 2 young (2048K), 2 survivors (2048K)
 Metaspace       used 94349K, capacity 96679K, committed 96768K, reserved 1132544K
  class space    used 12175K, capacity 13009K, committed 13056K, reserved 1048576K
}
Event: 28.137 GC heap before
{Heap before GC invocations=52 (full 0):
 garbage-first heap   total 131072K, used 111202K [0x0000000080000000, 0x0000000100000000)
  region size 1024K, 10 young (10240K), 2 survivors (2048K)
 Metaspace       used 94444K, capacity 96824K, committed 97152K, reserved 1132544K
  class space    used 12194K, capacity 13057K, committed 13184K, reserved 1048576K
}
Event: 28.145 GC heap after
{Heap after GC invocations=53 (full 0):
 garbage-first heap   total 131072K, used 106067K [0x0000000080000000, 0x0000000100000000)
  region size 1024K, 2 young (2048K), 2 survivors (2048K)
 Metaspace       used 94444K, capacity 96824K, committed 97152K, reserved 1132544K
  class space    used 12194K, capacity 13057K, committed 13184K, reserved 1048576K
}
Event: 28.187 GC heap before
{Heap before GC invocations=54 (full 0):
 garbage-first heap   total 131072K, used 111187K [0x0000000080000000, 0x0000000100000000)
  region size 1024K, 8 young (8192K), 2 survivors (2048K)
 Metaspace       used 95035K, capacity 97517K, committed 97664K, reserved 1134592K
  class space    used 12296K, capacity 13162K, committed 13184K, reserved 1048576K
}
Event: 28.195 GC heap after
{Heap after GC invocations=55 (full 0):
 garbage-first heap   total 218112K, used 107601K [0x0000000080000000, 0x0000000100000000)
  region size 1024K, 1 young (1024K), 1 survivors (1024K)
 Metaspace       used 95035K, capacity 97517K, committed 97664K, reserved 1134592K
  class space    used 12296K, capacity 13162K, committed 13184K, reserved 1048576K
}
Event: 28.806 GC heap before
{Heap before GC invocations=55 (full 0):
 garbage-first heap   total 218112K, used 143441K [0x0000000080000000, 0x0000000100000000)
  region size 1024K, 37 young (37888K), 1 survivors (1024K)
 Metaspace       used 100001K, capacity 103080K, committed 103168K, reserved 1138688K
  class space    used 13274K, capacity 14532K, committed 14592K, reserved 1048576K
}
Event: 28.823 GC heap after
{Heap after GC invocations=56 (full 0):
 garbage-first heap   total 218112K, used 109997K [0x0000000080000000, 0x0000000100000000)
  region size 1024K, 4 young (4096K), 4 survivors (4096K)
 Metaspace       used 100001K, capacity 103080K, committed 103168K, reserved 1138688K
  class space    used 13274K, capacity 14532K, committed 14592K, reserved 1048576K
}
Event: 29.417 GC heap before
{Heap before GC invocations=57 (full 0):
 garbage-first heap   total 218112K, used 148909K [0x0000000080000000, 0x0000000100000000)
  region size 1024K, 42 young (43008K), 4 survivors (4096K)
 Metaspace       used 101048K, capacity 104046K, committed 104576K, reserved 1138688K
  class space    used 13360K, capacity 14588K, committed 14720K, reserved 1048576K
}
Event: 29.435 GC heap after
{Heap after GC invocations=58 (full 0):
 garbage-first heap   total 218112K, used 113458K [0x0000000080000000, 0x0000000100000000)
  region size 1024K, 6 young (6144K), 6 survivors (6144K)
 Metaspace       used 101048K, capacity 104046K, committed 104576K, reserved 1138688K
  class space    used 13360K, capacity 14588K, committed 14720K, reserved 1048576K
}
Event: 29.740 GC heap before
{Heap before GC invocations=58 (full 0):
 garbage-first heap   total 218112K, used 153394K [0x0000000080000000, 0x0000000100000000)
  region size 1024K, 46 young (47104K), 6 survivors (6144K)
 Metaspace       used 101719K, capacity 104825K, committed 105216K, reserved 1140736K
  class space    used 13440K, capacity 14711K, committed 14848K, reserved 1048576K
}
Event: 29.758 GC heap after
{Heap after GC invocations=59 (full 0):
 garbage-first heap   total 218112K, used 115913K [0x0000000080000000, 0x0000000100000000)
  region size 1024K, 4 young (4096K), 4 survivors (4096K)
 Metaspace       used 101719K, capacity 104825K, committed 105216K, reserved 1140736K
  class space    used 13440K, capacity 14711K, committed 14848K, reserved 1048576K
}
Event: 30.134 GC heap before
{Heap before GC invocations=60 (full 0):
 garbage-first heap   total 218112K, used 158921K [0x0000000080000000, 0x0000000100000000)
  region size 1024K, 46 young (47104K), 4 survivors (4096K)
 Metaspace       used 101995K, capacity 105015K, committed 105472K, reserved 1140736K
  class space    used 13432K, capacity 14664K, committed 14848K, reserved 1048576K
}

